{
  "RSpec": {
    "coverage": {
      "/Users/georgia.leng/Desktop/CCT3/tidy-keep/tidy-keep-backend/app/models/booking_service.rb": {
        "lines": [
          null,
          null,
          1,
          1,
          1,
          1,
          null
        ],
        "branches": {
        }
      },
      "/Users/georgia.leng/Desktop/CCT3/tidy-keep/tidy-keep-backend/app/models/application_record.rb": {
        "lines": [
          null,
          null,
          1,
          1,
          null
        ],
        "branches": {
        }
      },
      "/Users/georgia.leng/Desktop/CCT3/tidy-keep/tidy-keep-backend/app/models/address.rb": {
        "lines": [
          null,
          null,
          1,
          1,
          1,
          1,
          1,
          1,
          null
        ],
        "branches": {
        }
      },
      "/Users/georgia.leng/Desktop/CCT3/tidy-keep/tidy-keep-backend/app/models/booking.rb": {
        "lines": [
          null,
          null,
          1,
          1,
          1,
          1,
          1,
          1,
          1,
          1,
          null
        ],
        "branches": {
        }
      },
      "/Users/georgia.leng/Desktop/CCT3/tidy-keep/tidy-keep-backend/app/models/service.rb": {
        "lines": [
          null,
          null,
          1,
          1,
          1,
          1,
          1,
          null
        ],
        "branches": {
        }
      },
      "/Users/georgia.leng/Desktop/CCT3/tidy-keep/tidy-keep-backend/app/models/user.rb": {
        "lines": [
          null,
          null,
          1,
          1,
          1,
          1,
          1,
          1,
          1,
          1,
          1,
          1,
          1,
          1,
          1,
          null,
          null
        ],
        "branches": {
        }
      },
      "/Users/georgia.leng/Desktop/CCT3/tidy-keep/tidy-keep-backend/app/controllers/application_controller.rb": {
        "lines": [
          null,
          null,
          1,
          1,
          null,
          null,
          1,
          44,
          null,
          null,
          1,
          63,
          null,
          null,
          63,
          44,
          null,
          null,
          63,
          null,
          null,
          1,
          null,
          1,
          63,
          null,
          null,
          1,
          44,
          null,
          null
        ],
        "branches": {
          "[:if, 0, 15, 4, 17, 7]": {
            "[:then, 1, 16, 6, 16, 45]": 44,
            "[:else, 2, 15, 4, 17, 7]": 19
          }
        }
      },
      "/Users/georgia.leng/Desktop/CCT3/tidy-keep/tidy-keep-backend/app/controllers/status_controller.rb": {
        "lines": [
          null,
          null,
          1,
          1,
          null,
          1,
          1,
          null,
          null,
          1,
          0,
          null,
          null
        ],
        "branches": {
        }
      },
      "/Users/georgia.leng/Desktop/CCT3/tidy-keep/tidy-keep-backend/app/controllers/services_controller.rb": {
        "lines": [
          null,
          null,
          1,
          1,
          2,
          2,
          null,
          null,
          1,
          0,
          null,
          null,
          1,
          3,
          3,
          1,
          null,
          2,
          null,
          null,
          null,
          1,
          4,
          4,
          2,
          null,
          2,
          null,
          null,
          null,
          1,
          11,
          11,
          11,
          null,
          null,
          1,
          null,
          1,
          7,
          null,
          null,
          1,
          0,
          null,
          null
        ],
        "branches": {
          "[:if, 0, 15, 4, 19, 7]": {
            "[:then, 1, 16, 6, 16, 54]": 1,
            "[:else, 2, 18, 6, 18, 91]": 2
          },
          "[:if, 3, 24, 4, 28, 7]": {
            "[:then, 4, 25, 6, 25, 42]": 2,
            "[:else, 5, 27, 6, 27, 90]": 2
          }
        }
      },
      "/Users/georgia.leng/Desktop/CCT3/tidy-keep/tidy-keep-backend/app/controllers/addresses_controller.rb": {
        "lines": [
          null,
          null,
          1,
          1,
          1,
          1,
          2,
          2,
          null,
          null,
          1,
          0,
          null,
          null,
          null,
          1,
          5,
          5,
          2,
          null,
          3,
          null,
          null,
          null,
          1,
          4,
          4,
          2,
          null,
          2,
          null,
          null,
          null,
          null,
          null,
          1,
          13,
          13,
          13,
          null,
          null,
          null,
          null,
          1,
          null,
          1,
          9,
          null,
          null,
          1,
          17,
          null,
          null
        ],
        "branches": {
          "[:if, 0, 18, 4, 22, 9]": {
            "[:then, 1, 19, 6, 19, 52]": 2,
            "[:else, 2, 21, 6, 21, 90]": 3
          },
          "[:if, 3, 27, 4, 31, 7]": {
            "[:then, 4, 28, 6, 28, 42]": 2,
            "[:else, 5, 30, 6, 30, 90]": 2
          }
        }
      },
      "/Users/georgia.leng/Desktop/CCT3/tidy-keep/tidy-keep-backend/app/controllers/bookings_controller.rb": {
        "lines": [
          null,
          null,
          1,
          1,
          1,
          1,
          1,
          2,
          2,
          4,
          4,
          4,
          4,
          null,
          2,
          null,
          null,
          1,
          0,
          null,
          null,
          1,
          2,
          null,
          2,
          0,
          null,
          null,
          2,
          null,
          null,
          null,
          1,
          4,
          4,
          2,
          null,
          2,
          null,
          null,
          null,
          1,
          10,
          10,
          null,
          null,
          1,
          null,
          1,
          10,
          null,
          null,
          1,
          0,
          null,
          null,
          1,
          14,
          null,
          null
        ],
        "branches": {
          "[:if, 0, 25, 4, 30, 9]": {
            "[:then, 1, 26, 6, 26, 54]": 0,
            "[:else, 2, 29, 6, 29, 90]": 2
          },
          "[:if, 3, 35, 4, 39, 6]": {
            "[:then, 4, 36, 6, 36, 61]": 2,
            "[:else, 5, 38, 6, 38, 91]": 2
          }
        }
      },
      "/Users/georgia.leng/Desktop/CCT3/tidy-keep/tidy-keep-backend/app/mailers/application_mailer.rb": {
        "lines": [
          null,
          null,
          0,
          0,
          0,
          0
        ],
        "branches": {
        }
      },
      "/Users/georgia.leng/Desktop/CCT3/tidy-keep/tidy-keep-backend/app/jobs/application_job.rb": {
        "lines": [
          null,
          null,
          0,
          null,
          null,
          null,
          null,
          null,
          0
        ],
        "branches": {
        }
      },
      "/Users/georgia.leng/Desktop/CCT3/tidy-keep/tidy-keep-backend/app/controllers/users_controller.rb": {
        "lines": [
          null,
          null,
          0,
          null,
          0,
          0,
          0,
          0,
          null,
          0,
          0,
          0,
          0,
          null,
          0,
          null,
          0,
          0,
          0,
          0
        ],
        "branches": {
        }
      },
      "/Users/georgia.leng/Desktop/CCT3/tidy-keep/tidy-keep-backend/app/controllers/payments_controller.rb": {
        "lines": [
          null,
          null,
          0,
          0,
          0,
          0,
          0,
          0,
          0,
          0,
          0,
          0,
          null,
          0,
          0,
          0,
          0,
          0,
          0,
          0,
          0,
          0,
          0,
          0,
          0,
          0,
          0,
          0,
          null,
          0,
          0,
          0,
          0
        ],
        "branches": {
        }
      },
      "/Users/georgia.leng/Desktop/CCT3/tidy-keep/tidy-keep-backend/app/controllers/booking_service_controller.rb": {
        "lines": [
          null,
          null,
          0,
          0,
          0,
          null,
          0,
          0,
          0,
          0,
          0,
          0,
          null,
          null,
          0,
          0,
          0,
          null,
          0,
          0,
          null,
          0,
          null,
          0,
          0,
          0,
          0
        ],
        "branches": {
        }
      },
      "/Users/georgia.leng/Desktop/CCT3/tidy-keep/tidy-keep-backend/app/controllers/user_token_controller.rb": {
        "lines": [
          null,
          null,
          0,
          null,
          0
        ],
        "branches": {
        }
      },
      "/Users/georgia.leng/Desktop/CCT3/tidy-keep/tidy-keep-backend/app/channels/application_cable/connection.rb": {
        "lines": [
          null,
          null,
          0,
          0,
          0,
          0
        ],
        "branches": {
        }
      },
      "/Users/georgia.leng/Desktop/CCT3/tidy-keep/tidy-keep-backend/app/channels/application_cable/channel.rb": {
        "lines": [
          null,
          null,
          0,
          0,
          0,
          0
        ],
        "branches": {
        }
      }
    },
    "timestamp": 1596087221
  }
}
